<?xml version="1.0" encoding="UTF-8"?>
<testsuite xmlns:xsi="http://www.w3.org/2001/XMLSchema-instance" xsi:noNamespaceSchemaLocation="https://maven.apache.org/surefire/maven-surefire-plugin/xsd/surefire-test-report.xsd" name="com.opendecision.modeler.mapper.ResourceMapperTest" time="13.507" tests="1" errors="1" skipped="0" failures="0">
  <properties>
[...]
</properties>
  <testcase name="testFind" classname="com.opendecision.modeler.mapper.ResourceMapperTest" time="0">
    <error message="Failed to load ApplicationContext" type="java.lang.IllegalStateException">java.lang.IllegalStateException: Failed to load ApplicationContext
Caused by: java.lang.IllegalStateException: Failed to execute CommandLineRunner
Caused by: org.springframework.data.hadoop.HadoopException: Cannot list resources Call From DESKTOP-L9IAJ9P/192.168.31.139 to 192.168.31.122:9000 failed on connection exception: java.net.ConnectException: Connection refused: no further information; For more details see:  http://wiki.apache.org/hadoop/ConnectionRefused
Caused by: java.net.ConnectException: Call From DESKTOP-L9IAJ9P/192.168.31.139 to 192.168.31.122:9000 failed on connection exception: java.net.ConnectException: Connection refused: no further information; For more details see:  http://wiki.apache.org/hadoop/ConnectionRefused
Caused by: java.net.ConnectException: Connection refused: no further information
</error>
    <system-out><![CDATA[2019-08-25 01:18:43.173  INFO 16016 --- [           main] .b.t.c.SpringBootTestContextBootstrapper : Neither @ContextConfiguration nor @ContextHierarchy found for test class [com.opendecision.modeler.mapper.ResourceMapperTest], using SpringBootContextLoader
2019-08-25 01:18:43.176  INFO 16016 --- [           main] o.s.t.c.support.AbstractContextLoader    : Could not detect default resource locations for test class [com.opendecision.modeler.mapper.ResourceMapperTest]: no resource found for suffixes {-context.xml, Context.groovy}.
2019-08-25 01:18:43.176  INFO 16016 --- [           main] t.c.s.AnnotationConfigContextLoaderUtils : Could not detect default configuration classes for test class [com.opendecision.modeler.mapper.ResourceMapperTest]: ResourceMapperTest does not declare any static, non-private, non-final, nested classes annotated with @Configuration.
2019-08-25 01:18:43.181  INFO 16016 --- [           main] .b.t.c.SpringBootTestContextBootstrapper : Found @SpringBootConfiguration com.opendecision.modeler.ModelerApplication for test class com.opendecision.modeler.mapper.ResourceMapperTest
2019-08-25 01:18:43.184  INFO 16016 --- [           main] .b.t.c.SpringBootTestContextBootstrapper : Loaded default TestExecutionListener class names from location [META-INF/spring.factories]: [org.springframework.boot.test.mock.mockito.MockitoTestExecutionListener, org.springframework.boot.test.mock.mockito.ResetMocksTestExecutionListener, org.springframework.boot.test.autoconfigure.restdocs.RestDocsTestExecutionListener, org.springframework.boot.test.autoconfigure.web.client.MockRestServiceServerResetTestExecutionListener, org.springframework.boot.test.autoconfigure.web.servlet.MockMvcPrintOnlyOnFailureTestExecutionListener, org.springframework.boot.test.autoconfigure.web.servlet.WebDriverTestExecutionListener, org.springframework.test.context.web.ServletTestExecutionListener, org.springframework.test.context.support.DirtiesContextBeforeModesTestExecutionListener, org.springframework.test.context.support.DependencyInjectionTestExecutionListener, org.springframework.test.context.support.DirtiesContextTestExecutionListener, org.springframework.test.context.transaction.TransactionalTestExecutionListener, org.springframework.test.context.jdbc.SqlScriptsTestExecutionListener]
2019-08-25 01:18:43.184  INFO 16016 --- [           main] .b.t.c.SpringBootTestContextBootstrapper : Using TestExecutionListeners: [org.springframework.test.context.web.ServletTestExecutionListener@57f89680, org.springframework.test.context.support.DirtiesContextBeforeModesTestExecutionListener@70bc9070, org.springframework.boot.test.mock.mockito.MockitoTestExecutionListener@5d202dc4, org.springframework.boot.test.autoconfigure.SpringBootDependencyInjectionTestExecutionListener@71e409f, org.springframework.test.context.support.DirtiesContextTestExecutionListener@14c18a6a, org.springframework.test.context.transaction.TransactionalTestExecutionListener@6aa792, org.springframework.test.context.jdbc.SqlScriptsTestExecutionListener@5c78f456, org.springframework.boot.test.mock.mockito.ResetMocksTestExecutionListener@29174dfe, org.springframework.boot.test.autoconfigure.restdocs.RestDocsTestExecutionListener@319d106c, org.springframework.boot.test.autoconfigure.web.client.MockRestServiceServerResetTestExecutionListener@641e67fa, org.springframework.boot.test.autoconfigure.web.servlet.MockMvcPrintOnlyOnFailureTestExecutionListener@7fdff56b, org.springframework.boot.test.autoconfigure.web.servlet.WebDriverTestExecutionListener@6cb43fd3]
2019-08-25 01:18:43.329  INFO 16016 --- [           main] trationDelegate$BeanPostProcessorChecker : Bean 'configurationPropertiesRebinderAutoConfiguration' of type [org.springframework.cloud.autoconfigure.ConfigurationPropertiesRebinderAutoConfiguration$$EnhancerBySpringCGLIB$$2f8a7d79] is not eligible for getting processed by all BeanPostProcessors (for example: not eligible for auto-proxying)
                             _           _     _
                            | |         (_)   (_)
   ___  _ __   ___ _ __   __| | ___  ___ _ ___ _  ___  _ __
  / _ \| '_ \ / _ \ '_ \ / _` |/ _ \/ __| / __| |/ _ \| '_ \
 | (_) | |_) |  __/ | | | (_| |  __/ (__| \__ \ | (_) | | | |
  \___/| .__/ \___|_| |_|\__,_|\___|\___|_|___/_|\___/|_| |_|
       | |
       |_|
2019-08-25 01:18:43.440  INFO 16016 --- [           main] c.o.modeler.mapper.ResourceMapperTest    : No active profile set, falling back to default profiles: default
2019-08-25 01:18:43.667  INFO 16016 --- [           main] o.s.cloud.context.scope.GenericScope     : BeanFactory id=47458748-5ee1-3d83-8296-ceba3731f959
2019-08-25 01:18:43.726  INFO 16016 --- [           main] trationDelegate$BeanPostProcessorChecker : Bean 'org.springframework.transaction.annotation.ProxyTransactionManagementConfiguration' of type [org.springframework.transaction.annotation.ProxyTransactionManagementConfiguration$$EnhancerBySpringCGLIB$$13707a7c] is not eligible for getting processed by all BeanPostProcessors (for example: not eligible for auto-proxying)
2019-08-25 01:18:43.739  INFO 16016 --- [           main] trationDelegate$BeanPostProcessorChecker : Bean 'org.springframework.cloud.autoconfigure.ConfigurationPropertiesRebinderAutoConfiguration' of type [org.springframework.cloud.autoconfigure.ConfigurationPropertiesRebinderAutoConfiguration$$EnhancerBySpringCGLIB$$2f8a7d79] is not eligible for getting processed by all BeanPostProcessors (for example: not eligible for auto-proxying)
2019-08-25 01:18:43.777  INFO 16016 --- [           main] o.s.d.h.c.a.c.SpringHadoopConfiguration  : Building configuration for bean 'hadoopConfiguration'
2019-08-25 01:18:43.798  INFO 16016 --- [           main] org.apache.hadoop.fs.TrashPolicyDefault  : Namenode trash configuration: Deletion interval = 0 minutes, Emptier interval = 0 minutes.
2019-08-25 01:18:43.816  INFO 16016 --- [           main] c.a.d.s.b.a.DruidDataSourceAutoConfigure : Init DruidDataSource
2019-08-25 01:18:44.244  INFO 16016 --- [           main] com.alibaba.druid.pool.DruidDataSource   : {dataSource-6} inited
 _ _   |_  _ _|_. ___ _ |    _ 
| | |\/|_)(_| | |_\  |_)||_|_\ 
     /               |         
                        3.1.1 
2019-08-25 01:18:44.546  WARN 16016 --- [           main] c.n.c.sources.URLConfigurationSource     : No URLs will be polled as dynamic configuration sources.
2019-08-25 01:18:44.546  INFO 16016 --- [           main] c.n.c.sources.URLConfigurationSource     : To enable URLs as dynamic configuration sources, define System property archaius.configurationSource.additionalUrls or make config.properties available on classpath.
2019-08-25 01:18:45.067  WARN 16016 --- [           main] arterDeprecationWarningAutoConfiguration : spring-cloud-starter-eureka is deprecated as of Spring Cloud Netflix 1.4.0, please migrate to spring-cloud-starter-netflix-eureka
2019-08-25 01:18:45.081  INFO 16016 --- [           main] c.o.modeler.mapper.ResourceMapperTest    : Started ResourceMapperTest in 1.894 seconds (JVM running for 90.641)
2019-08-25 01:18:56.665  INFO 16016 --- [           main] ConditionEvaluationReportLoggingListener : 

Error starting ApplicationContext. To display the conditions report re-run your application with 'debug' enabled.
2019-08-25 01:18:56.667 ERROR 16016 --- [           main] o.s.boot.SpringApplication               : Application run failed

java.lang.IllegalStateException: Failed to execute CommandLineRunner
	at org.springframework.boot.SpringApplication.callRunner(SpringApplication.java:816) ~[spring-boot-2.1.3.RELEASE.jar:2.1.3.RELEASE]
	at org.springframework.boot.SpringApplication.callRunners(SpringApplication.java:797) ~[spring-boot-2.1.3.RELEASE.jar:2.1.3.RELEASE]
	at org.springframework.boot.SpringApplication.run(SpringApplication.java:324) ~[spring-boot-2.1.3.RELEASE.jar:2.1.3.RELEASE]
	at org.springframework.boot.test.context.SpringBootContextLoader.loadContext(SpringBootContextLoader.java:127) [spring-boot-test-2.1.3.RELEASE.jar:2.1.3.RELEASE]
	at org.springframework.test.context.cache.DefaultCacheAwareContextLoaderDelegate.loadContextInternal(DefaultCacheAwareContextLoaderDelegate.java:99) [spring-test-5.1.5.RELEASE.jar:5.1.5.RELEASE]
	at org.springframework.test.context.cache.DefaultCacheAwareContextLoaderDelegate.loadContext(DefaultCacheAwareContextLoaderDelegate.java:117) [spring-test-5.1.5.RELEASE.jar:5.1.5.RELEASE]
	at org.springframework.test.context.support.DefaultTestContext.getApplicationContext(DefaultTestContext.java:108) [spring-test-5.1.5.RELEASE.jar:5.1.5.RELEASE]
	at org.springframework.test.context.web.ServletTestExecutionListener.setUpRequestContextIfNecessary(ServletTestExecutionListener.java:190) [spring-test-5.1.5.RELEASE.jar:5.1.5.RELEASE]
	at org.springframework.test.context.web.ServletTestExecutionListener.prepareTestInstance(ServletTestExecutionListener.java:132) [spring-test-5.1.5.RELEASE.jar:5.1.5.RELEASE]
	at org.springframework.test.context.TestContextManager.prepareTestInstance(TestContextManager.java:246) [spring-test-5.1.5.RELEASE.jar:5.1.5.RELEASE]
	at org.springframework.test.context.junit4.SpringJUnit4ClassRunner.createTest(SpringJUnit4ClassRunner.java:227) [spring-test-5.1.5.RELEASE.jar:5.1.5.RELEASE]
	at org.springframework.test.context.junit4.SpringJUnit4ClassRunner$1.runReflectiveCall(SpringJUnit4ClassRunner.java:289) [spring-test-5.1.5.RELEASE.jar:5.1.5.RELEASE]
	at org.junit.internal.runners.model.ReflectiveCallable.run(ReflectiveCallable.java:12) [junit-4.12.jar:4.12]
	at org.springframework.test.context.junit4.SpringJUnit4ClassRunner.methodBlock(SpringJUnit4ClassRunner.java:291) [spring-test-5.1.5.RELEASE.jar:5.1.5.RELEASE]
	at org.springframework.test.context.junit4.SpringJUnit4ClassRunner.runChild(SpringJUnit4ClassRunner.java:246) [spring-test-5.1.5.RELEASE.jar:5.1.5.RELEASE]
	at org.springframework.test.context.junit4.SpringJUnit4ClassRunner.runChild(SpringJUnit4ClassRunner.java:97) [spring-test-5.1.5.RELEASE.jar:5.1.5.RELEASE]
	at org.junit.runners.ParentRunner$3.run(ParentRunner.java:290) [junit-4.12.jar:4.12]
	at org.junit.runners.ParentRunner$1.schedule(ParentRunner.java:71) [junit-4.12.jar:4.12]
	at org.junit.runners.ParentRunner.runChildren(ParentRunner.java:288) [junit-4.12.jar:4.12]
	at org.junit.runners.ParentRunner.access$000(ParentRunner.java:58) [junit-4.12.jar:4.12]
	at org.junit.runners.ParentRunner$2.evaluate(ParentRunner.java:268) [junit-4.12.jar:4.12]
	at org.springframework.test.context.junit4.statements.RunBeforeTestClassCallbacks.evaluate(RunBeforeTestClassCallbacks.java:61) [spring-test-5.1.5.RELEASE.jar:5.1.5.RELEASE]
	at org.springframework.test.context.junit4.statements.RunAfterTestClassCallbacks.evaluate(RunAfterTestClassCallbacks.java:70) [spring-test-5.1.5.RELEASE.jar:5.1.5.RELEASE]
	at org.junit.runners.ParentRunner.run(ParentRunner.java:363) [junit-4.12.jar:4.12]
	at org.springframework.test.context.junit4.SpringJUnit4ClassRunner.run(SpringJUnit4ClassRunner.java:190) [spring-test-5.1.5.RELEASE.jar:5.1.5.RELEASE]
	at org.apache.maven.surefire.junit4.JUnit4Provider.execute(JUnit4Provider.java:365) [surefire-junit4-2.22.1.jar:2.22.1]
	at org.apache.maven.surefire.junit4.JUnit4Provider.executeWithRerun(JUnit4Provider.java:273) [surefire-junit4-2.22.1.jar:2.22.1]
	at org.apache.maven.surefire.junit4.JUnit4Provider.executeTestSet(JUnit4Provider.java:238) [surefire-junit4-2.22.1.jar:2.22.1]
	at org.apache.maven.surefire.junit4.JUnit4Provider.invoke(JUnit4Provider.java:159) [surefire-junit4-2.22.1.jar:2.22.1]
	at org.apache.maven.surefire.booter.ForkedBooter.invokeProviderInSameClassLoader(ForkedBooter.java:384) [surefire-booter-2.22.1.jar:2.22.1]
	at org.apache.maven.surefire.booter.ForkedBooter.runSuitesInProcess(ForkedBooter.java:345) [surefire-booter-2.22.1.jar:2.22.1]
	at org.apache.maven.surefire.booter.ForkedBooter.execute(ForkedBooter.java:126) [surefire-booter-2.22.1.jar:2.22.1]
	at org.apache.maven.surefire.booter.ForkedBooter.main(ForkedBooter.java:418) [surefire-booter-2.22.1.jar:2.22.1]
Caused by: org.springframework.data.hadoop.HadoopException: Cannot list resources Call From DESKTOP-L9IAJ9P/192.168.31.139 to 192.168.31.122:9000 failed on connection exception: java.net.ConnectException: Connection refused: no further information; For more details see:  http://wiki.apache.org/hadoop/ConnectionRefused
	at org.springframework.data.hadoop.fs.FsShell.ls(FsShell.java:585) ~[spring-data-hadoop-core-2.2.1.RELEASE.jar:2.2.1.RELEASE]
	at org.springframework.data.hadoop.fs.FsShell.ls(FsShell.java:543) ~[spring-data-hadoop-core-2.2.1.RELEASE.jar:2.2.1.RELEASE]
	at org.springframework.data.hadoop.fs.FsShell.lsr(FsShell.java:611) ~[spring-data-hadoop-core-2.2.1.RELEASE.jar:2.2.1.RELEASE]
	at com.opendecision.modeler.ModelerApplication.run(ModelerApplication.java:32) ~[classes/:na]
	at org.springframework.boot.SpringApplication.callRunner(SpringApplication.java:813) ~[spring-boot-2.1.3.RELEASE.jar:2.1.3.RELEASE]
	... 32 common frames omitted
Caused by: java.net.ConnectException: Call From DESKTOP-L9IAJ9P/192.168.31.139 to 192.168.31.122:9000 failed on connection exception: java.net.ConnectException: Connection refused: no further information; For more details see:  http://wiki.apache.org/hadoop/ConnectionRefused
	at sun.reflect.NativeConstructorAccessorImpl.newInstance0(Native Method) ~[na:1.8.0_65]
	at sun.reflect.NativeConstructorAccessorImpl.newInstance(NativeConstructorAccessorImpl.java:62) ~[na:1.8.0_65]
	at sun.reflect.DelegatingConstructorAccessorImpl.newInstance(DelegatingConstructorAccessorImpl.java:45) ~[na:1.8.0_65]
	at java.lang.reflect.Constructor.newInstance(Constructor.java:422) ~[na:1.8.0_65]
	at org.apache.hadoop.net.NetUtils.wrapWithMessage(NetUtils.java:792) ~[hadoop-common-2.7.1.jar:na]
	at org.apache.hadoop.net.NetUtils.wrapException(NetUtils.java:732) ~[hadoop-common-2.7.1.jar:na]
	at org.apache.hadoop.ipc.Client.call(Client.java:1480) ~[hadoop-common-2.7.1.jar:na]
	at org.apache.hadoop.ipc.Client.call(Client.java:1407) ~[hadoop-common-2.7.1.jar:na]
	at org.apache.hadoop.ipc.ProtobufRpcEngine$Invoker.invoke(ProtobufRpcEngine.java:229) ~[hadoop-common-2.7.1.jar:na]
	at com.sun.proxy.$Proxy106.getFileInfo(Unknown Source) ~[na:na]
	at org.apache.hadoop.hdfs.protocolPB.ClientNamenodeProtocolTranslatorPB.getFileInfo(ClientNamenodeProtocolTranslatorPB.java:771) ~[hadoop-hdfs-2.7.1.jar:na]
	at sun.reflect.NativeMethodAccessorImpl.invoke0(Native Method) ~[na:1.8.0_65]
	at sun.reflect.NativeMethodAccessorImpl.invoke(NativeMethodAccessorImpl.java:62) ~[na:1.8.0_65]
	at sun.reflect.DelegatingMethodAccessorImpl.invoke(DelegatingMethodAccessorImpl.java:43) ~[na:1.8.0_65]
	at java.lang.reflect.Method.invoke(Method.java:497) ~[na:1.8.0_65]
	at org.apache.hadoop.io.retry.RetryInvocationHandler.invokeMethod(RetryInvocationHandler.java:187) ~[hadoop-common-2.7.1.jar:na]
	at org.apache.hadoop.io.retry.RetryInvocationHandler.invoke(RetryInvocationHandler.java:102) ~[hadoop-common-2.7.1.jar:na]
	at com.sun.proxy.$Proxy107.getFileInfo(Unknown Source) ~[na:na]
	at org.apache.hadoop.hdfs.DFSClient.getFileInfo(DFSClient.java:2116) ~[hadoop-hdfs-2.7.1.jar:na]
	at org.apache.hadoop.hdfs.DistributedFileSystem$22.doCall(DistributedFileSystem.java:1305) ~[hadoop-hdfs-2.7.1.jar:na]
	at org.apache.hadoop.hdfs.DistributedFileSystem$22.doCall(DistributedFileSystem.java:1301) ~[hadoop-hdfs-2.7.1.jar:na]
	at org.apache.hadoop.fs.FileSystemLinkResolver.resolve(FileSystemLinkResolver.java:81) ~[hadoop-common-2.7.1.jar:na]
	at org.apache.hadoop.hdfs.DistributedFileSystem.getFileStatus(DistributedFileSystem.java:1317) ~[hadoop-hdfs-2.7.1.jar:na]
	at org.apache.hadoop.fs.Globber.getFileStatus(Globber.java:57) ~[hadoop-common-2.7.1.jar:na]
	at org.apache.hadoop.fs.Globber.glob(Globber.java:252) ~[hadoop-common-2.7.1.jar:na]
	at org.apache.hadoop.fs.FileSystem.globStatus(FileSystem.java:1655) ~[hadoop-common-2.7.1.jar:na]
	at org.springframework.data.hadoop.fs.FsShell.ls(FsShell.java:571) ~[spring-data-hadoop-core-2.2.1.RELEASE.jar:2.2.1.RELEASE]
	... 36 common frames omitted
Caused by: java.net.ConnectException: Connection refused: no further information
	at sun.nio.ch.SocketChannelImpl.checkConnect(Native Method) ~[na:1.8.0_65]
	at sun.nio.ch.SocketChannelImpl.finishConnect(SocketChannelImpl.java:717) ~[na:1.8.0_65]
	at org.apache.hadoop.net.SocketIOWithTimeout.connect(SocketIOWithTimeout.java:206) ~[hadoop-common-2.7.1.jar:na]
	at org.apache.hadoop.net.NetUtils.connect(NetUtils.java:531) ~[hadoop-common-2.7.1.jar:na]
	at org.apache.hadoop.net.NetUtils.connect(NetUtils.java:495) ~[hadoop-common-2.7.1.jar:na]
	at org.apache.hadoop.ipc.Client$Connection.setupConnection(Client.java:609) ~[hadoop-common-2.7.1.jar:na]
	at org.apache.hadoop.ipc.Client$Connection.setupIOstreams(Client.java:707) ~[hadoop-common-2.7.1.jar:na]
	at org.apache.hadoop.ipc.Client$Connection.access$2800(Client.java:370) ~[hadoop-common-2.7.1.jar:na]
	at org.apache.hadoop.ipc.Client.getConnection(Client.java:1529) ~[hadoop-common-2.7.1.jar:na]
	at org.apache.hadoop.ipc.Client.call(Client.java:1446) ~[hadoop-common-2.7.1.jar:na]
	... 56 common frames omitted

2019-08-25 01:18:56.673  INFO 16016 --- [           main] com.alibaba.druid.pool.DruidDataSource   : {dataSource-6} closed
2019-08-25 01:18:56.695 ERROR 16016 --- [           main] o.s.test.context.TestContextManager      : Caught exception while allowing TestExecutionListener [org.springframework.test.context.web.ServletTestExecutionListener@57f89680] to prepare test instance [com.opendecision.modeler.mapper.ResourceMapperTest@b9c9bf5]

java.lang.IllegalStateException: Failed to load ApplicationContext
	at org.springframework.test.context.cache.DefaultCacheAwareContextLoaderDelegate.loadContext(DefaultCacheAwareContextLoaderDelegate.java:125) ~[spring-test-5.1.5.RELEASE.jar:5.1.5.RELEASE]
	at org.springframework.test.context.support.DefaultTestContext.getApplicationContext(DefaultTestContext.java:108) ~[spring-test-5.1.5.RELEASE.jar:5.1.5.RELEASE]
	at org.springframework.test.context.web.ServletTestExecutionListener.setUpRequestContextIfNecessary(ServletTestExecutionListener.java:190) ~[spring-test-5.1.5.RELEASE.jar:5.1.5.RELEASE]
	at org.springframework.test.context.web.ServletTestExecutionListener.prepareTestInstance(ServletTestExecutionListener.java:132) ~[spring-test-5.1.5.RELEASE.jar:5.1.5.RELEASE]
	at org.springframework.test.context.TestContextManager.prepareTestInstance(TestContextManager.java:246) ~[spring-test-5.1.5.RELEASE.jar:5.1.5.RELEASE]
	at org.springframework.test.context.junit4.SpringJUnit4ClassRunner.createTest(SpringJUnit4ClassRunner.java:227) [spring-test-5.1.5.RELEASE.jar:5.1.5.RELEASE]
	at org.springframework.test.context.junit4.SpringJUnit4ClassRunner$1.runReflectiveCall(SpringJUnit4ClassRunner.java:289) [spring-test-5.1.5.RELEASE.jar:5.1.5.RELEASE]
	at org.junit.internal.runners.model.ReflectiveCallable.run(ReflectiveCallable.java:12) [junit-4.12.jar:4.12]
	at org.springframework.test.context.junit4.SpringJUnit4ClassRunner.methodBlock(SpringJUnit4ClassRunner.java:291) [spring-test-5.1.5.RELEASE.jar:5.1.5.RELEASE]
	at org.springframework.test.context.junit4.SpringJUnit4ClassRunner.runChild(SpringJUnit4ClassRunner.java:246) [spring-test-5.1.5.RELEASE.jar:5.1.5.RELEASE]
	at org.springframework.test.context.junit4.SpringJUnit4ClassRunner.runChild(SpringJUnit4ClassRunner.java:97) [spring-test-5.1.5.RELEASE.jar:5.1.5.RELEASE]
	at org.junit.runners.ParentRunner$3.run(ParentRunner.java:290) [junit-4.12.jar:4.12]
	at org.junit.runners.ParentRunner$1.schedule(ParentRunner.java:71) [junit-4.12.jar:4.12]
	at org.junit.runners.ParentRunner.runChildren(ParentRunner.java:288) [junit-4.12.jar:4.12]
	at org.junit.runners.ParentRunner.access$000(ParentRunner.java:58) [junit-4.12.jar:4.12]
	at org.junit.runners.ParentRunner$2.evaluate(ParentRunner.java:268) [junit-4.12.jar:4.12]
	at org.springframework.test.context.junit4.statements.RunBeforeTestClassCallbacks.evaluate(RunBeforeTestClassCallbacks.java:61) [spring-test-5.1.5.RELEASE.jar:5.1.5.RELEASE]
	at org.springframework.test.context.junit4.statements.RunAfterTestClassCallbacks.evaluate(RunAfterTestClassCallbacks.java:70) [spring-test-5.1.5.RELEASE.jar:5.1.5.RELEASE]
	at org.junit.runners.ParentRunner.run(ParentRunner.java:363) [junit-4.12.jar:4.12]
	at org.springframework.test.context.junit4.SpringJUnit4ClassRunner.run(SpringJUnit4ClassRunner.java:190) [spring-test-5.1.5.RELEASE.jar:5.1.5.RELEASE]
	at org.apache.maven.surefire.junit4.JUnit4Provider.execute(JUnit4Provider.java:365) [surefire-junit4-2.22.1.jar:2.22.1]
	at org.apache.maven.surefire.junit4.JUnit4Provider.executeWithRerun(JUnit4Provider.java:273) [surefire-junit4-2.22.1.jar:2.22.1]
	at org.apache.maven.surefire.junit4.JUnit4Provider.executeTestSet(JUnit4Provider.java:238) [surefire-junit4-2.22.1.jar:2.22.1]
	at org.apache.maven.surefire.junit4.JUnit4Provider.invoke(JUnit4Provider.java:159) [surefire-junit4-2.22.1.jar:2.22.1]
	at org.apache.maven.surefire.booter.ForkedBooter.invokeProviderInSameClassLoader(ForkedBooter.java:384) [surefire-booter-2.22.1.jar:2.22.1]
	at org.apache.maven.surefire.booter.ForkedBooter.runSuitesInProcess(ForkedBooter.java:345) [surefire-booter-2.22.1.jar:2.22.1]
	at org.apache.maven.surefire.booter.ForkedBooter.execute(ForkedBooter.java:126) [surefire-booter-2.22.1.jar:2.22.1]
	at org.apache.maven.surefire.booter.ForkedBooter.main(ForkedBooter.java:418) [surefire-booter-2.22.1.jar:2.22.1]
Caused by: java.lang.IllegalStateException: Failed to execute CommandLineRunner
	at org.springframework.boot.SpringApplication.callRunner(SpringApplication.java:816) ~[spring-boot-2.1.3.RELEASE.jar:2.1.3.RELEASE]
	at org.springframework.boot.SpringApplication.callRunners(SpringApplication.java:797) ~[spring-boot-2.1.3.RELEASE.jar:2.1.3.RELEASE]
	at org.springframework.boot.SpringApplication.run(SpringApplication.java:324) ~[spring-boot-2.1.3.RELEASE.jar:2.1.3.RELEASE]
	at org.springframework.boot.test.context.SpringBootContextLoader.loadContext(SpringBootContextLoader.java:127) ~[spring-boot-test-2.1.3.RELEASE.jar:2.1.3.RELEASE]
	at org.springframework.test.context.cache.DefaultCacheAwareContextLoaderDelegate.loadContextInternal(DefaultCacheAwareContextLoaderDelegate.java:99) ~[spring-test-5.1.5.RELEASE.jar:5.1.5.RELEASE]
	at org.springframework.test.context.cache.DefaultCacheAwareContextLoaderDelegate.loadContext(DefaultCacheAwareContextLoaderDelegate.java:117) ~[spring-test-5.1.5.RELEASE.jar:5.1.5.RELEASE]
	... 27 common frames omitted
Caused by: org.springframework.data.hadoop.HadoopException: Cannot list resources Call From DESKTOP-L9IAJ9P/192.168.31.139 to 192.168.31.122:9000 failed on connection exception: java.net.ConnectException: Connection refused: no further information; For more details see:  http://wiki.apache.org/hadoop/ConnectionRefused
	at org.springframework.data.hadoop.fs.FsShell.ls(FsShell.java:585) ~[spring-data-hadoop-core-2.2.1.RELEASE.jar:2.2.1.RELEASE]
	at org.springframework.data.hadoop.fs.FsShell.ls(FsShell.java:543) ~[spring-data-hadoop-core-2.2.1.RELEASE.jar:2.2.1.RELEASE]
	at org.springframework.data.hadoop.fs.FsShell.lsr(FsShell.java:611) ~[spring-data-hadoop-core-2.2.1.RELEASE.jar:2.2.1.RELEASE]
	at com.opendecision.modeler.ModelerApplication.run(ModelerApplication.java:32) ~[classes/:na]
	at org.springframework.boot.SpringApplication.callRunner(SpringApplication.java:813) ~[spring-boot-2.1.3.RELEASE.jar:2.1.3.RELEASE]
	... 32 common frames omitted
Caused by: java.net.ConnectException: Call From DESKTOP-L9IAJ9P/192.168.31.139 to 192.168.31.122:9000 failed on connection exception: java.net.ConnectException: Connection refused: no further information; For more details see:  http://wiki.apache.org/hadoop/ConnectionRefused
	at sun.reflect.NativeConstructorAccessorImpl.newInstance0(Native Method) ~[na:1.8.0_65]
	at sun.reflect.NativeConstructorAccessorImpl.newInstance(NativeConstructorAccessorImpl.java:62) ~[na:1.8.0_65]
	at sun.reflect.DelegatingConstructorAccessorImpl.newInstance(DelegatingConstructorAccessorImpl.java:45) ~[na:1.8.0_65]
	at java.lang.reflect.Constructor.newInstance(Constructor.java:422) ~[na:1.8.0_65]
	at org.apache.hadoop.net.NetUtils.wrapWithMessage(NetUtils.java:792) ~[hadoop-common-2.7.1.jar:na]
	at org.apache.hadoop.net.NetUtils.wrapException(NetUtils.java:732) ~[hadoop-common-2.7.1.jar:na]
	at org.apache.hadoop.ipc.Client.call(Client.java:1480) ~[hadoop-common-2.7.1.jar:na]
	at org.apache.hadoop.ipc.Client.call(Client.java:1407) ~[hadoop-common-2.7.1.jar:na]
	at org.apache.hadoop.ipc.ProtobufRpcEngine$Invoker.invoke(ProtobufRpcEngine.java:229) ~[hadoop-common-2.7.1.jar:na]
	at com.sun.proxy.$Proxy106.getFileInfo(Unknown Source) ~[na:na]
	at org.apache.hadoop.hdfs.protocolPB.ClientNamenodeProtocolTranslatorPB.getFileInfo(ClientNamenodeProtocolTranslatorPB.java:771) ~[hadoop-hdfs-2.7.1.jar:na]
	at sun.reflect.NativeMethodAccessorImpl.invoke0(Native Method) ~[na:1.8.0_65]
	at sun.reflect.NativeMethodAccessorImpl.invoke(NativeMethodAccessorImpl.java:62) ~[na:1.8.0_65]
	at sun.reflect.DelegatingMethodAccessorImpl.invoke(DelegatingMethodAccessorImpl.java:43) ~[na:1.8.0_65]
	at java.lang.reflect.Method.invoke(Method.java:497) ~[na:1.8.0_65]
	at org.apache.hadoop.io.retry.RetryInvocationHandler.invokeMethod(RetryInvocationHandler.java:187) ~[hadoop-common-2.7.1.jar:na]
	at org.apache.hadoop.io.retry.RetryInvocationHandler.invoke(RetryInvocationHandler.java:102) ~[hadoop-common-2.7.1.jar:na]
	at com.sun.proxy.$Proxy107.getFileInfo(Unknown Source) ~[na:na]
	at org.apache.hadoop.hdfs.DFSClient.getFileInfo(DFSClient.java:2116) ~[hadoop-hdfs-2.7.1.jar:na]
	at org.apache.hadoop.hdfs.DistributedFileSystem$22.doCall(DistributedFileSystem.java:1305) ~[hadoop-hdfs-2.7.1.jar:na]
	at org.apache.hadoop.hdfs.DistributedFileSystem$22.doCall(DistributedFileSystem.java:1301) ~[hadoop-hdfs-2.7.1.jar:na]
	at org.apache.hadoop.fs.FileSystemLinkResolver.resolve(FileSystemLinkResolver.java:81) ~[hadoop-common-2.7.1.jar:na]
	at org.apache.hadoop.hdfs.DistributedFileSystem.getFileStatus(DistributedFileSystem.java:1317) ~[hadoop-hdfs-2.7.1.jar:na]
	at org.apache.hadoop.fs.Globber.getFileStatus(Globber.java:57) ~[hadoop-common-2.7.1.jar:na]
	at org.apache.hadoop.fs.Globber.glob(Globber.java:252) ~[hadoop-common-2.7.1.jar:na]
	at org.apache.hadoop.fs.FileSystem.globStatus(FileSystem.java:1655) ~[hadoop-common-2.7.1.jar:na]
	at org.springframework.data.hadoop.fs.FsShell.ls(FsShell.java:571) ~[spring-data-hadoop-core-2.2.1.RELEASE.jar:2.2.1.RELEASE]
	... 36 common frames omitted
Caused by: java.net.ConnectException: Connection refused: no further information
	at sun.nio.ch.SocketChannelImpl.checkConnect(Native Method) ~[na:1.8.0_65]
	at sun.nio.ch.SocketChannelImpl.finishConnect(SocketChannelImpl.java:717) ~[na:1.8.0_65]
	at org.apache.hadoop.net.SocketIOWithTimeout.connect(SocketIOWithTimeout.java:206) ~[hadoop-common-2.7.1.jar:na]
	at org.apache.hadoop.net.NetUtils.connect(NetUtils.java:531) ~[hadoop-common-2.7.1.jar:na]
	at org.apache.hadoop.net.NetUtils.connect(NetUtils.java:495) ~[hadoop-common-2.7.1.jar:na]
	at org.apache.hadoop.ipc.Client$Connection.setupConnection(Client.java:609) ~[hadoop-common-2.7.1.jar:na]
	at org.apache.hadoop.ipc.Client$Connection.setupIOstreams(Client.java:707) ~[hadoop-common-2.7.1.jar:na]
	at org.apache.hadoop.ipc.Client$Connection.access$2800(Client.java:370) ~[hadoop-common-2.7.1.jar:na]
	at org.apache.hadoop.ipc.Client.getConnection(Client.java:1529) ~[hadoop-common-2.7.1.jar:na]
	at org.apache.hadoop.ipc.Client.call(Client.java:1446) ~[hadoop-common-2.7.1.jar:na]
	... 56 common frames omitted

]]></system-out>
    <system-err><![CDATA[Sun Aug 25 01:18:43 CST 2019 WARN: Establishing SSL connection without server's identity verification is not recommended. According to MySQL 5.5.45+, 5.6.26+ and 5.7.6+ requirements SSL connection must be established by default if explicit option isn't set. For compliance with existing applications not using SSL the verifyServerCertificate property is set to 'false'. You need either to explicitly disable SSL by setting useSSL=false, or set useSSL=true and provide truststore for server certificate verification.
Sun Aug 25 01:18:44 CST 2019 WARN: Establishing SSL connection without server's identity verification is not recommended. According to MySQL 5.5.45+, 5.6.26+ and 5.7.6+ requirements SSL connection must be established by default if explicit option isn't set. For compliance with existing applications not using SSL the verifyServerCertificate property is set to 'false'. You need either to explicitly disable SSL by setting useSSL=false, or set useSSL=true and provide truststore for server certificate verification.
Sun Aug 25 01:18:44 CST 2019 WARN: Establishing SSL connection without server's identity verification is not recommended. According to MySQL 5.5.45+, 5.6.26+ and 5.7.6+ requirements SSL connection must be established by default if explicit option isn't set. For compliance with existing applications not using SSL the verifyServerCertificate property is set to 'false'. You need either to explicitly disable SSL by setting useSSL=false, or set useSSL=true and provide truststore for server certificate verification.
Sun Aug 25 01:18:44 CST 2019 WARN: Establishing SSL connection without server's identity verification is not recommended. According to MySQL 5.5.45+, 5.6.26+ and 5.7.6+ requirements SSL connection must be established by default if explicit option isn't set. For compliance with existing applications not using SSL the verifyServerCertificate property is set to 'false'. You need either to explicitly disable SSL by setting useSSL=false, or set useSSL=true and provide truststore for server certificate verification.
Sun Aug 25 01:18:44 CST 2019 WARN: Establishing SSL connection without server's identity verification is not recommended. According to MySQL 5.5.45+, 5.6.26+ and 5.7.6+ requirements SSL connection must be established by default if explicit option isn't set. For compliance with existing applications not using SSL the verifyServerCertificate property is set to 'false'. You need either to explicitly disable SSL by setting useSSL=false, or set useSSL=true and provide truststore for server certificate verification.
Sun Aug 25 01:18:44 CST 2019 WARN: Establishing SSL connection without server's identity verification is not recommended. According to MySQL 5.5.45+, 5.6.26+ and 5.7.6+ requirements SSL connection must be established by default if explicit option isn't set. For compliance with existing applications not using SSL the verifyServerCertificate property is set to 'false'. You need either to explicitly disable SSL by setting useSSL=false, or set useSSL=true and provide truststore for server certificate verification.
Sun Aug 25 01:18:44 CST 2019 WARN: Establishing SSL connection without server's identity verification is not recommended. According to MySQL 5.5.45+, 5.6.26+ and 5.7.6+ requirements SSL connection must be established by default if explicit option isn't set. For compliance with existing applications not using SSL the verifyServerCertificate property is set to 'false'. You need either to explicitly disable SSL by setting useSSL=false, or set useSSL=true and provide truststore for server certificate verification.
Sun Aug 25 01:18:44 CST 2019 WARN: Establishing SSL connection without server's identity verification is not recommended. According to MySQL 5.5.45+, 5.6.26+ and 5.7.6+ requirements SSL connection must be established by default if explicit option isn't set. For compliance with existing applications not using SSL the verifyServerCertificate property is set to 'false'. You need either to explicitly disable SSL by setting useSSL=false, or set useSSL=true and provide truststore for server certificate verification.
Sun Aug 25 01:18:44 CST 2019 WARN: Establishing SSL connection without server's identity verification is not recommended. According to MySQL 5.5.45+, 5.6.26+ and 5.7.6+ requirements SSL connection must be established by default if explicit option isn't set. For compliance with existing applications not using SSL the verifyServerCertificate property is set to 'false'. You need either to explicitly disable SSL by setting useSSL=false, or set useSSL=true and provide truststore for server certificate verification.
Sun Aug 25 01:18:44 CST 2019 WARN: Establishing SSL connection without server's identity verification is not recommended. According to MySQL 5.5.45+, 5.6.26+ and 5.7.6+ requirements SSL connection must be established by default if explicit option isn't set. For compliance with existing applications not using SSL the verifyServerCertificate property is set to 'false'. You need either to explicitly disable SSL by setting useSSL=false, or set useSSL=true and provide truststore for server certificate verification.
]]></system-err>
  </testcase>
</testsuite>